<?xml version="1.0" encoding="UTF-8"?>
<testsuite name="controllers.DataLoaderTest" tests="2" skipped="0" failures="1" errors="0" timestamp="2025-11-29T16:52:24.565Z" hostname="nixos" time="1.236">
  <properties/>
  <testcase name="loadAllData_populatesAllCollectionsFromCsv()" classname="controllers.DataLoaderTest" time="1.204">
    <failure message="java.lang.ClassCastException: class java.lang.String cannot be cast to class [Ljava.lang.String; (java.lang.String and [Ljava.lang.String; are in module java.base of loader 'bootstrap')" type="java.lang.ClassCastException">java.lang.ClassCastException: class java.lang.String cannot be cast to class [Ljava.lang.String; (java.lang.String and [Ljava.lang.String; are in module java.base of loader 'bootstrap')
	at controllers.DataLoader.loadRooms(DataLoader.java:60)
	at controllers.DataLoader.loadAllData(DataLoader.java:44)
	at controllers.DataLoaderTest.loadAllData_populatesAllCollectionsFromCsv(DataLoaderTest.java:49)
	at java.base/java.lang.reflect.Method.invoke(Method.java:580)
	at java.base/java.util.ArrayList.forEach(ArrayList.java:1596)
	at java.base/java.util.ArrayList.forEach(ArrayList.java:1596)
</failure>
  </testcase>
  <testcase name="loadAllData_withEmptyCSVs_resultsInEmptyCollections()" classname="controllers.DataLoaderTest" time="0.027"/>
  <system-out><![CDATA[Loading data from CSV files...
Loading data from CSV files...
Loaded 0 rooms
Loaded 0 lecturers
Loaded 0 modules
Loaded 0 programs
Loaded 0 sessions
Loaded 0 groups
Loaded 0 students
Data loading complete!
]]></system-out>
  <system-err><![CDATA[WARNING: A Java agent has been loaded dynamically (/home/p2949/.gradle/caches/modules-2/files-2.1/net.bytebuddy/byte-buddy-agent/1.14.4/3bf5ac1104554908cc623e40e58a00be37c35f36/byte-buddy-agent-1.14.4.jar)
WARNING: If a serviceability tool is in use, please run with -XX:+EnableDynamicAgentLoading to hide this warning
WARNING: If a serviceability tool is not in use, please run with -Djdk.instrument.traceUsage for more information
WARNING: Dynamic loading of agents will be disallowed by default in a future release
]]></system-err>
</testsuite>
