<?xml version="1.0" encoding="UTF-8"?>
<testsuite name="controllers.TimetableControllerTest" tests="2" skipped="0" failures="0" errors="0" timestamp="2025-11-29T15:55:25.763Z" hostname="LAPTOP-ALTJ0RH5" time="0.006">
  <properties/>
  <testcase name="timetableController_canBeConstructed()" classname="controllers.TimetableControllerTest" time="0.004"/>
  <testcase name="timetableController_hasNoPublicMethods()" classname="controllers.TimetableControllerTest" time="0.001"/>
  <system-out><![CDATA[]]></system-out>
  <system-err><![CDATA[]]></system-err>
</testsuite>
