<?xml version="1.0" encoding="UTF-8"?>
<testsuite name="views.AdminConsoleViewTest" tests="8" skipped="0" failures="2" errors="0" timestamp="2025-11-29T15:55:25.503Z" hostname="LAPTOP-ALTJ0RH5" time="0.042">
  <properties/>
  <testcase name="selectStudent_returnsStudentIdCorrectly()" classname="views.AdminConsoleViewTest" time="0.016"/>
  <testcase name="createCourse_createsCompleteProgramWithModulesAndSessions()" classname="views.AdminConsoleViewTest" time="0.01">
    <failure message="java.util.NoSuchElementException: No line found" type="java.util.NoSuchElementException">java.util.NoSuchElementException: No line found
	at java.base/java.util.Scanner.nextLine(Scanner.java:1677)
	at views.AdminConsoleView.createCourse(AdminConsoleView.java:65)
	at views.AdminConsoleViewTest.createCourse_createsCompleteProgramWithModulesAndSessions(AdminConsoleViewTest.java:154)
	at java.base/java.lang.reflect.Method.invoke(Method.java:565)
	at java.base/java.util.ArrayList.forEach(ArrayList.java:1604)
	at java.base/java.util.ArrayList.forEach(ArrayList.java:1604)
</failure>
  </testcase>
  <testcase name="addStudent_createsStudentCorrectly()" classname="views.AdminConsoleViewTest" time="0.002"/>
  <testcase name="selectStudent_returnsMinusOneForInvalidIndex()" classname="views.AdminConsoleViewTest" time="0.002"/>
  <testcase name="selectProgram_returnsNullOnInvalidChoice()" classname="views.AdminConsoleViewTest" time="0.004"/>
  <testcase name="showMessage_printsMessage()" classname="views.AdminConsoleViewTest" time="0.002">
    <failure message="org.opentest4j.AssertionFailedError: expected: &lt;true&gt; but was: &lt;false&gt;" type="org.opentest4j.AssertionFailedError">org.opentest4j.AssertionFailedError: expected: &lt;true&gt; but was: &lt;false&gt;
	at app//org.junit.jupiter.api.AssertionFailureBuilder.build(AssertionFailureBuilder.java:151)
	at app//org.junit.jupiter.api.AssertionFailureBuilder.buildAndThrow(AssertionFailureBuilder.java:132)
	at app//org.junit.jupiter.api.AssertTrue.failNotTrue(AssertTrue.java:63)
	at app//org.junit.jupiter.api.AssertTrue.assertTrue(AssertTrue.java:36)
	at app//org.junit.jupiter.api.AssertTrue.assertTrue(AssertTrue.java:31)
	at app//org.junit.jupiter.api.Assertions.assertTrue(Assertions.java:179)
	at app//views.AdminConsoleViewTest.showMessage_printsMessage(AdminConsoleViewTest.java:123)
	at java.base@24.0.1/java.lang.reflect.Method.invoke(Method.java:565)
	at java.base@24.0.1/java.util.ArrayList.forEach(ArrayList.java:1604)
	at java.base@24.0.1/java.util.ArrayList.forEach(ArrayList.java:1604)
</failure>
  </testcase>
  <testcase name="showMenu_readsIntegerOption()" classname="views.AdminConsoleViewTest" time="0.002"/>
  <testcase name="selectProgram_selectsCorrectProgramByIndex()" classname="views.AdminConsoleViewTest" time="0.001"/>
  <system-out><![CDATA[
=== Admin Menu ===
1. Create Course (Program + Modules + Sessions)
2. Create Student
3. Enroll Student in Course
4. View All Courses
5. View All Students
6. View as Student
0. Exit
Choose an option: ]]></system-out>
  <system-err><![CDATA[]]></system-err>
</testsuite>
