<!DOCTYPE html>
<html>
<head>
<meta http-equiv="Content-Type" content="text/html; charset=utf-8"/>
<meta http-equiv="x-ua-compatible" content="IE=edge"/>
<title>Test results - DatabaseControllerTest</title>
<link href="../css/base-style.css" rel="stylesheet" type="text/css"/>
<link href="../css/style.css" rel="stylesheet" type="text/css"/>
<script src="../js/report.js" type="text/javascript"></script>
</head>
<body>
<div id="content">
<h1>DatabaseControllerTest</h1>
<div class="breadcrumbs">
<a href="../index.html">all</a> &gt; 
<a href="../packages/controllers.html">controllers</a> &gt; DatabaseControllerTest</div>
<div id="summary">
<table>
<tr>
<td>
<div class="summaryGroup">
<table>
<tr>
<td>
<div class="infoBox" id="tests">
<div class="counter">11</div>
<p>tests</p>
</div>
</td>
<td>
<div class="infoBox" id="failures">
<div class="counter">5</div>
<p>failures</p>
</div>
</td>
<td>
<div class="infoBox" id="ignored">
<div class="counter">0</div>
<p>ignored</p>
</div>
</td>
<td>
<div class="infoBox" id="duration">
<div class="counter">0.117s</div>
<p>duration</p>
</div>
</td>
</tr>
</table>
</div>
</td>
<td>
<div class="infoBox failures" id="successRate">
<div class="percent">54%</div>
<p>successful</p>
</div>
</td>
</tr>
</table>
</div>
<div class="tab-container">
<ul class="tabLinks">
<li>
<a href="#">Failed tests</a>
</li>
<li>
<a href="#">Tests</a>
</li>
</ul>
<div class="tab">
<h2>Failed tests</h2>
<div class="test">
<a name="ReadLine_returnsCorrectLine()"></a>
<h3 class="failures">ReadLine_returnsCorrectLine()</h3>
<span class="code">
<pre id="test-message-ReadLine_returnsCorrectLine()">org.opentest4j.AssertionFailedError: array contents differ at index [0], expected: &lt;A&gt; but was: &lt;A1&gt;
	at app//org.junit.jupiter.api.AssertionFailureBuilder.build(AssertionFailureBuilder.java:151)
	at app//org.junit.jupiter.api.AssertionFailureBuilder.buildAndThrow(AssertionFailureBuilder.java:132)
	at app//org.junit.jupiter.api.AssertArrayEquals.failArraysNotEqual(AssertArrayEquals.java:440)
	at app//org.junit.jupiter.api.AssertArrayEquals.assertArrayElementsEqual(AssertArrayEquals.java:389)
	at app//org.junit.jupiter.api.AssertArrayEquals.assertArrayEquals(AssertArrayEquals.java:346)
	at app//org.junit.jupiter.api.AssertArrayEquals.assertArrayEquals(AssertArrayEquals.java:159)
	at app//org.junit.jupiter.api.AssertArrayEquals.assertArrayEquals(AssertArrayEquals.java:155)
	at app//org.junit.jupiter.api.Assertions.assertArrayEquals(Assertions.java:1452)
	at app//controllers.DatabaseControllerTest.ReadLine_returnsCorrectLine(DatabaseControllerTest.java:93)
	at java.base@24.0.1/java.lang.reflect.Method.invoke(Method.java:565)
	at java.base@24.0.1/java.util.ArrayList.forEach(ArrayList.java:1604)
	at java.base@24.0.1/java.util.ArrayList.forEach(ArrayList.java:1604)
</pre>
<button class="clipboard-copy-btn" aria-label="Copy to clipboard" data-copy-element-id="test-message-ReadLine_returnsCorrectLine()">Copy</button>
</span>
</div>
<div class="test">
<a name="existsInCSV_detectsExistingPrimaryKey()"></a>
<h3 class="failures">existsInCSV_detectsExistingPrimaryKey()</h3>
<span class="code">
<pre id="test-message-existsInCSV_detectsExistingPrimaryKey()">org.opentest4j.AssertionFailedError: expected: &lt;true&gt; but was: &lt;false&gt;
	at app//org.junit.jupiter.api.AssertionFailureBuilder.build(AssertionFailureBuilder.java:151)
	at app//org.junit.jupiter.api.AssertionFailureBuilder.buildAndThrow(AssertionFailureBuilder.java:132)
	at app//org.junit.jupiter.api.AssertTrue.failNotTrue(AssertTrue.java:63)
	at app//org.junit.jupiter.api.AssertTrue.assertTrue(AssertTrue.java:36)
	at app//org.junit.jupiter.api.AssertTrue.assertTrue(AssertTrue.java:31)
	at app//org.junit.jupiter.api.Assertions.assertTrue(Assertions.java:179)
	at app//controllers.DatabaseControllerTest.existsInCSV_detectsExistingPrimaryKey(DatabaseControllerTest.java:159)
	at java.base@24.0.1/java.lang.reflect.Method.invoke(Method.java:565)
	at java.base@24.0.1/java.util.ArrayList.forEach(ArrayList.java:1604)
	at java.base@24.0.1/java.util.ArrayList.forEach(ArrayList.java:1604)
</pre>
<button class="clipboard-copy-btn" aria-label="Copy to clipboard" data-copy-element-id="test-message-existsInCSV_detectsExistingPrimaryKey()">Copy</button>
</span>
</div>
<div class="test">
<a name="loadAllFromCSV_removesHeader()"></a>
<h3 class="failures">loadAllFromCSV_removesHeader()</h3>
<span class="code">
<pre id="test-message-loadAllFromCSV_removesHeader()">org.opentest4j.AssertionFailedError: expected: &lt;2&gt; but was: &lt;1&gt;
	at app//org.junit.jupiter.api.AssertionFailureBuilder.build(AssertionFailureBuilder.java:151)
	at app//org.junit.jupiter.api.AssertionFailureBuilder.buildAndThrow(AssertionFailureBuilder.java:132)
	at app//org.junit.jupiter.api.AssertEquals.failNotEqual(AssertEquals.java:197)
	at app//org.junit.jupiter.api.AssertEquals.assertEquals(AssertEquals.java:150)
	at app//org.junit.jupiter.api.AssertEquals.assertEquals(AssertEquals.java:145)
	at app//org.junit.jupiter.api.Assertions.assertEquals(Assertions.java:527)
	at app//controllers.DatabaseControllerTest.loadAllFromCSV_removesHeader(DatabaseControllerTest.java:145)
	at java.base@24.0.1/java.lang.reflect.Method.invoke(Method.java:565)
	at java.base@24.0.1/java.util.ArrayList.forEach(ArrayList.java:1604)
	at java.base@24.0.1/java.util.ArrayList.forEach(ArrayList.java:1604)
</pre>
<button class="clipboard-copy-btn" aria-label="Copy to clipboard" data-copy-element-id="test-message-loadAllFromCSV_removesHeader()">Copy</button>
</span>
</div>
<div class="test">
<a name="loadFromCSVByKey_returnsCorrectRowOrNull()"></a>
<h3 class="failures">loadFromCSVByKey_returnsCorrectRowOrNull()</h3>
<span class="code">
<pre id="test-message-loadFromCSVByKey_returnsCorrectRowOrNull()">org.opentest4j.AssertionFailedError: actual array was &lt;null&gt;
	at app//org.junit.jupiter.api.AssertionFailureBuilder.build(AssertionFailureBuilder.java:152)
	at app//org.junit.jupiter.api.AssertionFailureBuilder.buildAndThrow(AssertionFailureBuilder.java:132)
	at app//org.junit.jupiter.api.AssertArrayEquals.failActualArrayIsNull(AssertArrayEquals.java:416)
	at app//org.junit.jupiter.api.AssertArrayEquals.assertArraysNotNull(AssertArrayEquals.java:401)
	at app//org.junit.jupiter.api.AssertArrayEquals.assertArrayEquals(AssertArrayEquals.java:334)
	at app//org.junit.jupiter.api.AssertArrayEquals.assertArrayEquals(AssertArrayEquals.java:159)
	at app//org.junit.jupiter.api.AssertArrayEquals.assertArrayEquals(AssertArrayEquals.java:155)
	at app//org.junit.jupiter.api.Assertions.assertArrayEquals(Assertions.java:1452)
	at app//controllers.DatabaseControllerTest.loadFromCSVByKey_returnsCorrectRowOrNull(DatabaseControllerTest.java:173)
	at java.base@24.0.1/java.lang.reflect.Method.invoke(Method.java:565)
	at java.base@24.0.1/java.util.ArrayList.forEach(ArrayList.java:1604)
	at java.base@24.0.1/java.util.ArrayList.forEach(ArrayList.java:1604)
</pre>
<button class="clipboard-copy-btn" aria-label="Copy to clipboard" data-copy-element-id="test-message-loadFromCSVByKey_returnsCorrectRowOrNull()">Copy</button>
</span>
</div>
<div class="test">
<a name="save_writesNewModelAndHandlesDuplicate()"></a>
<h3 class="failures">save_writesNewModelAndHandlesDuplicate()</h3>
<span class="code">
<pre id="test-message-save_writesNewModelAndHandlesDuplicate()">org.mockito.exceptions.base.MockitoException: 
Mockito cannot mock this class: interface models.CSVModel.

If you're not sure why you're getting this error, please open an issue on GitHub.


Java               : 24
JVM vendor name    : Oracle Corporation
JVM vendor version : 24.0.1+9-30
JVM name           : Java HotSpot(TM) 64-Bit Server VM
JVM version        : 24.0.1+9-30
JVM info           : mixed mode, sharing
OS name            : Windows 11
OS version         : 10.0


You are seeing this disclaimer because Mockito is configured to create inlined mocks.
You can learn about inline mocks and their limitations under item #39 of the Mockito class javadoc.

Underlying exception : org.mockito.exceptions.base.MockitoException: Could not modify all classes [interface models.CSVModel]
	at app//controllers.DatabaseControllerTest.save_writesNewModelAndHandlesDuplicate(DatabaseControllerTest.java:183)
	at java.base@24.0.1/java.lang.reflect.Method.invoke(Method.java:565)
	at java.base@24.0.1/java.util.ArrayList.forEach(ArrayList.java:1604)
	at java.base@24.0.1/java.util.ArrayList.forEach(ArrayList.java:1604)
Caused by: org.mockito.exceptions.base.MockitoException: Could not modify all classes [interface models.CSVModel]
	at app//net.bytebuddy.TypeCache.findOrInsert(TypeCache.java:168)
	at app//net.bytebuddy.TypeCache$WithInlineExpunction.findOrInsert(TypeCache.java:399)
	at app//net.bytebuddy.TypeCache.findOrInsert(TypeCache.java:190)
	at app//net.bytebuddy.TypeCache$WithInlineExpunction.findOrInsert(TypeCache.java:410)
	... 4 more
Caused by: java.lang.IllegalStateException: 
Byte Buddy could not instrument all classes within the mock's type hierarchy

This problem should never occur for javac-compiled classes. This problem has been observed for classes that are:
 - Compiled by older versions of scalac
 - Classes that are part of the Android distribution
	at org.mockito.internal.creation.bytebuddy.InlineBytecodeGenerator.triggerRetransformation(InlineBytecodeGenerator.java:285)
	at org.mockito.internal.creation.bytebuddy.InlineBytecodeGenerator.mockClass(InlineBytecodeGenerator.java:218)
	at org.mockito.internal.creation.bytebuddy.TypeCachingBytecodeGenerator.lambda$mockClass$0(TypeCachingBytecodeGenerator.java:47)
	at net.bytebuddy.TypeCache.findOrInsert(TypeCache.java:168)
	at net.bytebuddy.TypeCache$WithInlineExpunction.findOrInsert(TypeCache.java:399)
	at net.bytebuddy.TypeCache.findOrInsert(TypeCache.java:190)
	at net.bytebuddy.TypeCache$WithInlineExpunction.findOrInsert(TypeCache.java:410)
	at org.mockito.internal.creation.bytebuddy.TypeCachingBytecodeGenerator.mockClass(TypeCachingBytecodeGenerator.java:40)
	at org.mockito.internal.creation.bytebuddy.InlineDelegateByteBuddyMockMaker.createMockType(InlineDelegateByteBuddyMockMaker.java:396)
	at org.mockito.internal.creation.bytebuddy.InlineDelegateByteBuddyMockMaker.doCreateMock(InlineDelegateByteBuddyMockMaker.java:355)
	at org.mockito.internal.creation.bytebuddy.InlineDelegateByteBuddyMockMaker.createMock(InlineDelegateByteBuddyMockMaker.java:334)
	at org.mockito.internal.creation.bytebuddy.InlineByteBuddyMockMaker.createMock(InlineByteBuddyMockMaker.java:56)
	at org.mockito.internal.util.MockUtil.createMock(MockUtil.java:99)
	at org.mockito.internal.MockitoCore.mock(MockitoCore.java:88)
	at org.mockito.Mockito.mock(Mockito.java:2101)
	at org.mockito.Mockito.mock(Mockito.java:2016)
	... 4 more
Caused by: java.lang.IllegalArgumentException: Java 24 (68) is not supported by the current version of Byte Buddy which officially supports Java 21 (65) - update Byte Buddy or set net.bytebuddy.experimental as a VM property
	at net.bytebuddy.utility.OpenedClassReader.of(OpenedClassReader.java:96)
	at net.bytebuddy.dynamic.scaffold.TypeWriter$Default$ForInlining.create(TypeWriter.java:4011)
	at net.bytebuddy.dynamic.scaffold.TypeWriter$Default.make(TypeWriter.java:2224)
	at net.bytebuddy.dynamic.DynamicType$Builder$AbstractBase$UsingTypeWriter.make(DynamicType.java:4050)
	at net.bytebuddy.dynamic.DynamicType$Builder$AbstractBase.make(DynamicType.java:3734)
	at org.mockito.internal.creation.bytebuddy.InlineBytecodeGenerator.transform(InlineBytecodeGenerator.java:402)
	at java.instrument/java.lang.instrument.ClassFileTransformer.transform(ClassFileTransformer.java:257)
	at java.instrument/sun.instrument.TransformerManager.transform(TransformerManager.java:188)
	at java.instrument/sun.instrument.InstrumentationImpl.transform(InstrumentationImpl.java:594)
	at java.instrument/sun.instrument.InstrumentationImpl.retransformClasses0(Native Method)
	at java.instrument/sun.instrument.InstrumentationImpl.retransformClasses(InstrumentationImpl.java:221)
	at org.mockito.internal.creation.bytebuddy.InlineBytecodeGenerator.triggerRetransformation(InlineBytecodeGenerator.java:281)
	... 19 more
</pre>
<button class="clipboard-copy-btn" aria-label="Copy to clipboard" data-copy-element-id="test-message-save_writesNewModelAndHandlesDuplicate()">Copy</button>
</span>
</div>
</div>
<div class="tab">
<h2>Tests</h2>
<table>
<thead>
<tr>
<th>Test</th>
<th>Duration</th>
<th>Result</th>
</tr>
</thead>
<tr>
<td class="failures">ReadLine_returnsCorrectLine()</td>
<td class="failures">0.007s</td>
<td class="failures">failed</td>
</tr>
<tr>
<td class="success">deleteLine_removesSpecificLine()</td>
<td class="success">0.007s</td>
<td class="success">passed</td>
</tr>
<tr>
<td class="failures">existsInCSV_detectsExistingPrimaryKey()</td>
<td class="failures">0.006s</td>
<td class="failures">failed</td>
</tr>
<tr>
<td class="success">hasMissingData_falseForMissingFile()</td>
<td class="success">0.003s</td>
<td class="success">passed</td>
</tr>
<tr>
<td class="success">hasMissingData_trueWhenMoreThanHeader()</td>
<td class="success">0.005s</td>
<td class="success">passed</td>
</tr>
<tr>
<td class="failures">loadAllFromCSV_removesHeader()</td>
<td class="failures">0.007s</td>
<td class="failures">failed</td>
</tr>
<tr>
<td class="failures">loadFromCSVByKey_returnsCorrectRowOrNull()</td>
<td class="failures">0.051s</td>
<td class="failures">failed</td>
</tr>
<tr>
<td class="success">readAllLines_returnsEmptyList_whenFileDoesNotExist()</td>
<td class="success">0.003s</td>
<td class="success">passed</td>
</tr>
<tr>
<td class="failures">save_writesNewModelAndHandlesDuplicate()</td>
<td class="failures">0.013s</td>
<td class="failures">failed</td>
</tr>
<tr>
<td class="success">search_findsWordAndReturnsCorrectLineIndex()</td>
<td class="success">0.008s</td>
<td class="success">passed</td>
</tr>
<tr>
<td class="success">writeAllLines_and_readAllLines_roundTrip()</td>
<td class="success">0.007s</td>
<td class="success">passed</td>
</tr>
</table>
</div>
</div>
<div id="footer">
<p>
<div>
<label class="hidden" id="label-for-line-wrapping-toggle" for="line-wrapping-toggle">Wrap lines
<input id="line-wrapping-toggle" type="checkbox" autocomplete="off"/>
</label>
</div>Generated by 
<a href="https://www.gradle.org">Gradle 9.2.1</a> at 29 Nov 2025, 15:55:25</p>
</div>
</div>
</body>
</html>
